<?xml version="1.0" encoding="UTF-8"?>
<coverage generated="1744167574246" clover="3.2.0">
  <project timestamp="1744167574247" name="All files">
    <metrics statements="17" coveredstatements="16" conditionals="10" coveredconditionals="10" methods="7" coveredmethods="6" elements="34" coveredelements="32" complexity="0" loc="17" ncloc="17" packages="1" files="1" classes="1"/>
    <file name="main.js" path="/Users/linxu/Documents/Software_Testing/113-spring-software-testing/tool_study/lab1-example/main.js">
      <metrics statements="17" coveredstatements="16" conditionals="10" coveredconditionals="10" methods="7" coveredmethods="6"/>
      <line num="6" count="2" type="stmt"/>
      <line num="10" count="3" type="cond" truecount="2" falsecount="0"/>
      <line num="11" count="1" type="stmt"/>
      <line num="13" count="2" type="stmt"/>
      <line num="14" count="2" type="stmt"/>
      <line num="18" count="3" type="cond" truecount="4" falsecount="0"/>
      <line num="19" count="2" type="stmt"/>
      <line num="21" count="1" type="stmt"/>
      <line num="27" count="6" type="stmt"/>
      <line num="31" count="4" type="cond" truecount="2" falsecount="0"/>
      <line num="32" count="2" type="stmt"/>
      <line num="34" count="2" type="stmt"/>
      <line num="38" count="4" type="cond" truecount="2" falsecount="0"/>
      <line num="39" count="2" type="stmt"/>
      <line num="41" count="2" type="stmt"/>
      <line num="45" count="0" type="stmt"/>
      <line num="60" count="1" type="stmt"/>
    </file>
  </project>
</coverage>
