TN:
SF:main.js
FN:5,(anonymous_0)
FN:9,(anonymous_1)
FN:17,(anonymous_2)
FN:26,(anonymous_3)
FN:30,(anonymous_4)
FN:37,(anonymous_5)
FNF:6
FNH:6
FNDA:2,(anonymous_0)
FNDA:3,(anonymous_1)
FNDA:3,(anonymous_2)
FNDA:6,(anonymous_3)
FNDA:4,(anonymous_4)
FNDA:4,(anonymous_5)
DA:6,2
DA:10,3
DA:11,1
DA:13,2
DA:14,2
DA:18,3
DA:19,2
DA:21,1
DA:27,6
DA:31,4
DA:32,2
DA:34,2
DA:38,4
DA:39,1
DA:41,3
DA:55,1
LF:16
LH:16
BRDA:10,0,0,1
BRDA:10,0,1,2
BRDA:18,1,0,2
BRDA:18,1,1,1
BRDA:18,2,0,3
BRDA:18,2,1,2
BRDA:31,3,0,2
BRDA:31,3,1,2
BRDA:38,4,0,1
BRDA:38,4,1,3
BRF:10
BRH:10
end_of_record
